<?xml version="1.0" encoding="UTF-8"?>
<!-- Generated by org.testng.reporters.JUnitReportReporter -->
<testsuite hostname="PC201911121040" name="student.com.search1.Chinese" tests="2" failures="0" timestamp="24 Feb 2020 10:58:21 GMT" time="496.579" errors="0">
  <testcase name="f" time="130.374" classname="student.com.search1.Chinese"/>
  <testcase name="f" time="366.205" classname="student.com.search1.Chinese"/>
</testsuite> <!-- student.com.search1.Chinese -->
